Using pre-set license
Built from '2020.3/release' branch; Version is '2020.3.2f1 (8fd9074bf66c) revision 9427207'; Using compiler version '192528614'; Build Type 'Release'
OS: 'Windows 10 Pro; OS build 19042.1466; Version 2009; 64bit' Language: 'ru' Physical Memory: 16182 MB
BatchMode: 1, IsHumanControllingUs: 0, StartBugReporterOnCrash: 0, Is64bit: 1, IsPro: 0

 COMMAND LINE ARGUMENTS:
C:\Program Files\Unity\Hub\Editor\2020.3.2f1\Editor\Unity.exe
-adb2
-batchMode
-noUpm
-name
AssetImportWorker0
-projectPath
C:/Users/MiSTiK_MKpc/My project
-logFile
Logs/AssetImportWorker0.log
-srvPort
54193
Successfully changed project path to: C:/Users/MiSTiK_MKpc/My project
C:/Users/MiSTiK_MKpc/My project
Using Asset Import Pipeline V2.
Refreshing native plugins compatible for Editor in 19.41 ms, found 0 plugins.
Preloading 0 native plugins for Editor in 0.00 ms.
Initialize engine version: 2020.3.2f1 (8fd9074bf66c)
[Subsystems] Discovering subsystems at path C:/Program Files/Unity/Hub/Editor/2020.3.2f1/Editor/Data/Resources/UnitySubsystems
[Subsystems] Discovering subsystems at path C:/Users/MiSTiK_MKpc/My project/Assets
GfxDevice: creating device client; threaded=0
Direct3D:
    Version:  Direct3D 11.0 [level 11.1]
    Renderer: NVIDIA GeForce MX250 (ID=0x1d52)
    Vendor:   
    VRAM:     1983 MB
    Driver:   27.21.14.6259
Initialize mono
Mono path[0] = 'C:/Program Files/Unity/Hub/Editor/2020.3.2f1/Editor/Data/Managed'
Mono path[1] = 'C:/Program Files/Unity/Hub/Editor/2020.3.2f1/Editor/Data/MonoBleedingEdge/lib/mono/unityjit'
Mono config path = 'C:/Program Files/Unity/Hub/Editor/2020.3.2f1/Editor/Data/MonoBleedingEdge/etc'
Using monoOptions --debugger-agent=transport=dt_socket,embedding=1,server=y,suspend=n,address=127.0.0.1:56184
Begin MonoManager ReloadAssembly
Registering precompiled unity dll's ...
Register platform support module: C:/Program Files/Unity/Hub/Editor/2020.3.2f1/Editor/Data/PlaybackEngines/WebGLSupport/UnityEditor.WebGL.Extensions.dll
Register platform support module: C:/Program Files/Unity/Hub/Editor/2020.3.2f1/Editor/Data/PlaybackEngines/WindowsStandaloneSupport/UnityEditor.WindowsStandalone.Extensions.dll
Registered in 0.001940 seconds.
Native extension for WindowsStandalone target not found
Native extension for WebGL target not found
Refreshing native plugins compatible for Editor in 18.85 ms, found 0 plugins.
Preloading 0 native plugins for Editor in 0.00 ms.
Invoked RoslynAnalysisRunner static constructor.
RoslynAnalysisRunner will not be running.
RoslynAnalysisRunner has terminated.
Mono: successfully reloaded assembly
- Completed reload, in  1.894 seconds
Platform modules already initialized, skipping
Registering precompiled user dll's ...
Registered in 0.000518 seconds.
Begin MonoManager ReloadAssembly
Native extension for WindowsStandalone target not found
Native extension for WebGL target not found
Refreshing native plugins compatible for Editor in 0.24 ms, found 0 plugins.
Preloading 0 native plugins for Editor in 0.00 ms.
Invoked RoslynAnalysisRunner static constructor.
RoslynAnalysisRunner will not be running.
RoslynAnalysisRunner has terminated.
Mono: successfully reloaded assembly
- Completed reload, in  0.753 seconds
Platform modules already initialized, skipping
========================================================================
Worker process is ready to serve import requests
Launched and connected shader compiler UnityShaderCompiler.exe after 0.04 seconds
Refreshing native plugins compatible for Editor in 0.30 ms, found 0 plugins.
Preloading 0 native plugins for Editor in 0.00 ms.
Unloading 1115 Unused Serialized files (Serialized files now loaded: 0)
System memory in use before: 57.1 MB.
System memory in use after: 57.1 MB.

Unloading 10 unused Assets to reduce memory usage. Loaded Objects now: 1557.
Total: 3.013700 ms (FindLiveObjects: 0.386200 ms CreateObjectMapping: 0.199700 ms MarkObjects: 2.300300 ms  DeleteObjects: 0.124900 ms)

========================================================================
Received Import Request.
  path: Assets/Scenes/SampleScene.unity
  artifactKey: Guid(9fc0d4010bbf28b4594072e72b8655ab) Importer(815301076,1909f56bfc062723c751e8b465ee728b)
Start importing Assets/Scenes/SampleScene.unity using Guid(9fc0d4010bbf28b4594072e72b8655ab) Importer(815301076,1909f56bfc062723c751e8b465ee728b)  -> (artifact id: '75076e30b8b84ebf5e20060e44b32f1e') in 0.016305 seconds
  Import took 0.018172 seconds .

========================================================================
Received Import Request.
  Time since last request: 57.676432 seconds.
  path: Assets/Scenes/Hello, World!.unity
  artifactKey: Guid(9fc0d4010bbf28b4594072e72b8655ab) Importer(815301076,1909f56bfc062723c751e8b465ee728b)
Start importing Assets/Scenes/Hello, World!.unity using Guid(9fc0d4010bbf28b4594072e72b8655ab) Importer(815301076,1909f56bfc062723c751e8b465ee728b)  -> (artifact id: '5118b76d3b0cf2cb6f215ac4721f83dd') in 0.009721 seconds
  Import took 0.012453 seconds .

========================================================================
Received Import Request.
  Time since last request: 774.564956 seconds.
  path: Assets
  artifactKey: Guid(00000000000000001000000000000000) Importer(815301076,1909f56bfc062723c751e8b465ee728b)
Start importing Assets using Guid(00000000000000001000000000000000) Importer(815301076,1909f56bfc062723c751e8b465ee728b)  -> (artifact id: '819a33a9bd799f71faca6db75e8a216c') in 0.009222 seconds
  Import took 0.011928 seconds .

========================================================================
Received Import Request.
  Time since last request: 0.002493 seconds.
  path: Assets
  artifactKey: Guid(00000000000000001000000000000000) Importer(815301076,1909f56bfc062723c751e8b465ee728b)
Start importing Assets using Guid(00000000000000001000000000000000) Importer(815301076,1909f56bfc062723c751e8b465ee728b)  -> (artifact id: '819a33a9bd799f71faca6db75e8a216c') in 0.003862 seconds
  Import took 0.006016 seconds .

========================================================================
Received Import Request.
  Time since last request: 5.941879 seconds.
  path: Assets/NewBehaviourScript.cs
  artifactKey: Guid(e9a29a13344ad1b4fabb9b674818ace5) Importer(815301076,1909f56bfc062723c751e8b465ee728b)
Start importing Assets/NewBehaviourScript.cs using Guid(e9a29a13344ad1b4fabb9b674818ace5) Importer(815301076,1909f56bfc062723c751e8b465ee728b)  -> (artifact id: 'e1ca917488ceddc04f2e670c8e763244') in 0.088395 seconds
  Import took 0.091249 seconds .

========================================================================
Received Prepare
Registering precompiled user dll's ...
Registered in 0.000448 seconds.
Begin MonoManager ReloadAssembly
Native extension for WindowsStandalone target not found
Native extension for WebGL target not found
Refreshing native plugins compatible for Editor in 0.25 ms, found 0 plugins.
Preloading 0 native plugins for Editor in 0.00 ms.
Invoked RoslynAnalysisRunner static constructor.
RoslynAnalysisRunner will not be running.
RoslynAnalysisRunner has terminated.
Mono: successfully reloaded assembly
- Completed reload, in  0.746 seconds
Platform modules already initialized, skipping
Refreshing native plugins compatible for Editor in 0.25 ms, found 0 plugins.
Preloading 0 native plugins for Editor in 0.00 ms.
Unloading 1111 Unused Serialized files (Serialized files now loaded: 0)
System memory in use before: 57.1 MB.
System memory in use after: 57.2 MB.

Unloading 5 unused Assets to reduce memory usage. Loaded Objects now: 1561.
Total: 1.835700 ms (FindLiveObjects: 0.220600 ms CreateObjectMapping: 0.054100 ms MarkObjects: 1.500600 ms  DeleteObjects: 0.058700 ms)

========================================================================
Received Import Request.
  Time since last request: 21.060788 seconds.
  path: Assets/Cube Script.cs
  artifactKey: Guid(e9a29a13344ad1b4fabb9b674818ace5) Importer(815301076,1909f56bfc062723c751e8b465ee728b)
Start importing Assets/Cube Script.cs using Guid(e9a29a13344ad1b4fabb9b674818ace5) Importer(815301076,1909f56bfc062723c751e8b465ee728b)  -> (artifact id: 'ab1d7d1d9b41578c273e2dc5d35cfdc6') in 0.010670 seconds
  Import took 0.013619 seconds .

========================================================================
Received Prepare
Registering precompiled user dll's ...
Registered in 0.000526 seconds.
Begin MonoManager ReloadAssembly
Native extension for WindowsStandalone target not found
Native extension for WebGL target not found
Refreshing native plugins compatible for Editor in 0.23 ms, found 0 plugins.
Preloading 0 native plugins for Editor in 0.00 ms.
Invoked RoslynAnalysisRunner static constructor.
RoslynAnalysisRunner will not be running.
RoslynAnalysisRunner has terminated.
Mono: successfully reloaded assembly
- Completed reload, in  0.789 seconds
Platform modules already initialized, skipping
Refreshing native plugins compatible for Editor in 0.26 ms, found 0 plugins.
Preloading 0 native plugins for Editor in 0.00 ms.
Unloading 1111 Unused Serialized files (Serialized files now loaded: 0)
System memory in use before: 57.1 MB.
System memory in use after: 57.2 MB.

Unloading 5 unused Assets to reduce memory usage. Loaded Objects now: 1564.
Total: 1.824200 ms (FindLiveObjects: 0.237500 ms CreateObjectMapping: 0.053600 ms MarkObjects: 1.458900 ms  DeleteObjects: 0.072700 ms)

========================================================================
Received Import Request.
  Time since last request: 641.569770 seconds.
  path: Assets/Cube Script.cs
  artifactKey: Guid(e9a29a13344ad1b4fabb9b674818ace5) Importer(815301076,1909f56bfc062723c751e8b465ee728b)
Start importing Assets/Cube Script.cs using Guid(e9a29a13344ad1b4fabb9b674818ace5) Importer(815301076,1909f56bfc062723c751e8b465ee728b)  -> (artifact id: '0287d69adbf1716de88468943d907afc') in 0.008128 seconds
  Import took 0.011069 seconds .

========================================================================
Received Import Request.
  Time since last request: 0.082184 seconds.
  path: Assets/Cube Script.cs
  artifactKey: Guid(e9a29a13344ad1b4fabb9b674818ace5) Importer(815301076,1909f56bfc062723c751e8b465ee728b)
Start importing Assets/Cube Script.cs using Guid(e9a29a13344ad1b4fabb9b674818ace5) Importer(815301076,1909f56bfc062723c751e8b465ee728b)  -> (artifact id: '0287d69adbf1716de88468943d907afc') in 0.003112 seconds
  Import took 0.005242 seconds .

========================================================================
Received Import Request.
  Time since last request: 7.424152 seconds.
  path: Assets/CubeScript.cs
  artifactKey: Guid(e9a29a13344ad1b4fabb9b674818ace5) Importer(815301076,1909f56bfc062723c751e8b465ee728b)
Start importing Assets/CubeScript.cs using Guid(e9a29a13344ad1b4fabb9b674818ace5) Importer(815301076,1909f56bfc062723c751e8b465ee728b)  -> (artifact id: '7aa3be4a56b1647637594ab6c24d12de') in 0.008328 seconds
  Import took 0.010593 seconds .

========================================================================
Received Import Request.
  Time since last request: 35.867616 seconds.
  path: Assets/CubeScript.cs
  artifactKey: Guid(e9a29a13344ad1b4fabb9b674818ace5) Importer(815301076,1909f56bfc062723c751e8b465ee728b)
Start importing Assets/CubeScript.cs using Guid(e9a29a13344ad1b4fabb9b674818ace5) Importer(815301076,1909f56bfc062723c751e8b465ee728b)  -> (artifact id: '5d4d83df39a2fe5fb0d337a2f27b689e') in 0.005547 seconds
  Import took 0.009012 seconds .

========================================================================
Received Import Request.
  Time since last request: 74.708454 seconds.
  path: Assets/Scripts
  artifactKey: Guid(578ccb7490c709a4fb5eacd6a635755d) Importer(815301076,1909f56bfc062723c751e8b465ee728b)
Start importing Assets/Scripts using Guid(578ccb7490c709a4fb5eacd6a635755d) Importer(815301076,1909f56bfc062723c751e8b465ee728b)  -> (artifact id: '77c71bdcd8f60c7acd66c9eb5a691f1a') in 0.009728 seconds
  Import took 0.012369 seconds .

========================================================================
Received Import Request.
  Time since last request: 38.262911 seconds.
  path: Assets/Scripts/CubeScript.cs
  artifactKey: Guid(e9a29a13344ad1b4fabb9b674818ace5) Importer(815301076,1909f56bfc062723c751e8b465ee728b)
Start importing Assets/Scripts/CubeScript.cs using Guid(e9a29a13344ad1b4fabb9b674818ace5) Importer(815301076,1909f56bfc062723c751e8b465ee728b)  -> (artifact id: '6e2cdab7c8420f4dced092023c1b72bf') in 0.004501 seconds
  Import took 0.007504 seconds .

========================================================================
Received Import Request.
  Time since last request: 0.019830 seconds.
  path: Assets/Scripts/CubeScript.cs
  artifactKey: Guid(e9a29a13344ad1b4fabb9b674818ace5) Importer(815301076,1909f56bfc062723c751e8b465ee728b)
Start importing Assets/Scripts/CubeScript.cs using Guid(e9a29a13344ad1b4fabb9b674818ace5) Importer(815301076,1909f56bfc062723c751e8b465ee728b)  -> (artifact id: '6e2cdab7c8420f4dced092023c1b72bf') in 0.005637 seconds
  Import took 0.008543 seconds .

========================================================================
Received Import Request.
  Time since last request: 5777.243933 seconds.
  path: Assets/Scripts/CubeScript.cs
  artifactKey: Guid(e9a29a13344ad1b4fabb9b674818ace5) Importer(815301076,1909f56bfc062723c751e8b465ee728b)
Start importing Assets/Scripts/CubeScript.cs using Guid(e9a29a13344ad1b4fabb9b674818ace5) Importer(815301076,1909f56bfc062723c751e8b465ee728b)  -> (artifact id: 'e9a03480e0cd546d21e46e215f05b657') in 0.008636 seconds
  Import took 0.012659 seconds .

========================================================================
Received Prepare
Registering precompiled user dll's ...
Registered in 0.001273 seconds.
Begin MonoManager ReloadAssembly
Native extension for WindowsStandalone target not found
Native extension for WebGL target not found
Refreshing native plugins compatible for Editor in 0.25 ms, found 0 plugins.
Preloading 0 native plugins for Editor in 0.00 ms.
Invoked RoslynAnalysisRunner static constructor.
RoslynAnalysisRunner will not be running.
RoslynAnalysisRunner has terminated.
Mono: successfully reloaded assembly
- Completed reload, in  0.751 seconds
Platform modules already initialized, skipping
Refreshing native plugins compatible for Editor in 0.26 ms, found 0 plugins.
Preloading 0 native plugins for Editor in 0.00 ms.
Unloading 1111 Unused Serialized files (Serialized files now loaded: 0)
System memory in use before: 57.1 MB.
System memory in use after: 57.2 MB.

Unloading 5 unused Assets to reduce memory usage. Loaded Objects now: 1567.
Total: 2.701000 ms (FindLiveObjects: 0.406300 ms CreateObjectMapping: 0.063200 ms MarkObjects: 2.160900 ms  DeleteObjects: 0.068400 ms)

========================================================================
Received Import Request.
  Time since last request: 276.096884 seconds.
  path: Assets/Scripts/CubeScript.cs
  artifactKey: Guid(e9a29a13344ad1b4fabb9b674818ace5) Importer(815301076,1909f56bfc062723c751e8b465ee728b)
Start importing Assets/Scripts/CubeScript.cs using Guid(e9a29a13344ad1b4fabb9b674818ace5) Importer(815301076,1909f56bfc062723c751e8b465ee728b)  -> (artifact id: '62e8f63bd6a70c4ed059e15f8c505c8e') in 0.006794 seconds
  Import took 0.008753 seconds .

========================================================================
Received Prepare
Registering precompiled user dll's ...
Registered in 0.000999 seconds.
Begin MonoManager ReloadAssembly
Native extension for WindowsStandalone target not found
Native extension for WebGL target not found
Refreshing native plugins compatible for Editor in 0.39 ms, found 0 plugins.
Preloading 0 native plugins for Editor in 0.00 ms.
Invoked RoslynAnalysisRunner static constructor.
RoslynAnalysisRunner will not be running.
RoslynAnalysisRunner has terminated.
Mono: successfully reloaded assembly
- Completed reload, in  0.922 seconds
Platform modules already initialized, skipping
Refreshing native plugins compatible for Editor in 0.27 ms, found 0 plugins.
Preloading 0 native plugins for Editor in 0.00 ms.
Unloading 1111 Unused Serialized files (Serialized files now loaded: 0)
System memory in use before: 57.1 MB.
System memory in use after: 57.2 MB.

Unloading 5 unused Assets to reduce memory usage. Loaded Objects now: 1570.
Total: 2.129100 ms (FindLiveObjects: 0.158600 ms CreateObjectMapping: 0.037400 ms MarkObjects: 1.880600 ms  DeleteObjects: 0.049600 ms)

========================================================================
Received Prepare
Registering precompiled user dll's ...
Registered in 0.000565 seconds.
Begin MonoManager ReloadAssembly
Native extension for WindowsStandalone target not found
Native extension for WebGL target not found
Refreshing native plugins compatible for Editor in 0.25 ms, found 0 plugins.
Preloading 0 native plugins for Editor in 0.00 ms.
Invoked RoslynAnalysisRunner static constructor.
RoslynAnalysisRunner will not be running.
RoslynAnalysisRunner has terminated.
Mono: successfully reloaded assembly
- Completed reload, in  0.715 seconds
Platform modules already initialized, skipping
Refreshing native plugins compatible for Editor in 0.21 ms, found 0 plugins.
Preloading 0 native plugins for Editor in 0.00 ms.
Unloading 1111 Unused Serialized files (Serialized files now loaded: 0)
System memory in use before: 57.1 MB.
System memory in use after: 57.2 MB.

Unloading 5 unused Assets to reduce memory usage. Loaded Objects now: 1573.
Total: 2.166800 ms (FindLiveObjects: 0.267300 ms CreateObjectMapping: 0.148100 ms MarkObjects: 1.672100 ms  DeleteObjects: 0.077600 ms)

========================================================================
Received Import Request.
  Time since last request: 152.182539 seconds.
  path: Assets/Scripts/CubeScript.cs
  artifactKey: Guid(e9a29a13344ad1b4fabb9b674818ace5) Importer(815301076,1909f56bfc062723c751e8b465ee728b)
Start importing Assets/Scripts/CubeScript.cs using Guid(e9a29a13344ad1b4fabb9b674818ace5) Importer(815301076,1909f56bfc062723c751e8b465ee728b)  -> (artifact id: '5b09e46c3051167934e2c60f2651af45') in 0.006287 seconds
  Import took 0.008198 seconds .

========================================================================
Received Prepare
Registering precompiled user dll's ...
Registered in 0.000911 seconds.
Begin MonoManager ReloadAssembly
Native extension for WindowsStandalone target not found
Native extension for WebGL target not found
Refreshing native plugins compatible for Editor in 0.31 ms, found 0 plugins.
Preloading 0 native plugins for Editor in 0.00 ms.
Invoked RoslynAnalysisRunner static constructor.
RoslynAnalysisRunner will not be running.
RoslynAnalysisRunner has terminated.
Mono: successfully reloaded assembly
- Completed reload, in  0.876 seconds
Platform modules already initialized, skipping
Refreshing native plugins compatible for Editor in 0.29 ms, found 0 plugins.
Preloading 0 native plugins for Editor in 0.00 ms.
Unloading 1111 Unused Serialized files (Serialized files now loaded: 0)
System memory in use before: 57.1 MB.
System memory in use after: 57.2 MB.

Unloading 5 unused Assets to reduce memory usage. Loaded Objects now: 1576.
Total: 2.054700 ms (FindLiveObjects: 0.166200 ms CreateObjectMapping: 0.039400 ms MarkObjects: 1.783500 ms  DeleteObjects: 0.063900 ms)

========================================================================
Received Prepare
Registering precompiled user dll's ...
Registered in 0.000522 seconds.
Begin MonoManager ReloadAssembly
Native extension for WindowsStandalone target not found
Native extension for WebGL target not found
Refreshing native plugins compatible for Editor in 0.24 ms, found 0 plugins.
Preloading 0 native plugins for Editor in 0.00 ms.
Invoked RoslynAnalysisRunner static constructor.
RoslynAnalysisRunner will not be running.
RoslynAnalysisRunner has terminated.
Mono: successfully reloaded assembly
- Completed reload, in  0.741 seconds
Platform modules already initialized, skipping
Refreshing native plugins compatible for Editor in 0.25 ms, found 0 plugins.
Preloading 0 native plugins for Editor in 0.00 ms.
Unloading 1110 Unused Serialized files (Serialized files now loaded: 0)
System memory in use before: 57.1 MB.
System memory in use after: 57.2 MB.

Unloading 6 unused Assets to reduce memory usage. Loaded Objects now: 1578.
Total: 2.158100 ms (FindLiveObjects: 0.264900 ms CreateObjectMapping: 0.066600 ms MarkObjects: 1.725000 ms  DeleteObjects: 0.100000 ms)

========================================================================
Received Import Request.
  Time since last request: 381.741444 seconds.
  path: Assets/Scripts/P1.cs
  artifactKey: Guid(c16fbd1153ef3914a8054f17b9cc4454) Importer(815301076,1909f56bfc062723c751e8b465ee728b)
Start importing Assets/Scripts/P1.cs using Guid(c16fbd1153ef3914a8054f17b9cc4454) Importer(815301076,1909f56bfc062723c751e8b465ee728b)  -> (artifact id: '78b47adad1a756eb6a326389560959ad') in 0.011129 seconds
  Import took 0.013706 seconds .

========================================================================
Received Prepare
Registering precompiled user dll's ...
Registered in 0.001118 seconds.
Begin MonoManager ReloadAssembly
Native extension for WindowsStandalone target not found
Native extension for WebGL target not found
Refreshing native plugins compatible for Editor in 0.22 ms, found 0 plugins.
Preloading 0 native plugins for Editor in 0.00 ms.
Invoked RoslynAnalysisRunner static constructor.
RoslynAnalysisRunner will not be running.
RoslynAnalysisRunner has terminated.
Mono: successfully reloaded assembly
- Completed reload, in  0.964 seconds
Platform modules already initialized, skipping
Refreshing native plugins compatible for Editor in 0.23 ms, found 0 plugins.
Preloading 0 native plugins for Editor in 0.00 ms.
Unloading 1111 Unused Serialized files (Serialized files now loaded: 0)
System memory in use before: 57.1 MB.
System memory in use after: 57.2 MB.

Unloading 5 unused Assets to reduce memory usage. Loaded Objects now: 1582.
Total: 2.356000 ms (FindLiveObjects: 0.227700 ms CreateObjectMapping: 0.067100 ms MarkObjects: 1.994600 ms  DeleteObjects: 0.064900 ms)

========================================================================
Received Prepare
Registering precompiled user dll's ...
Registered in 0.000443 seconds.
Begin MonoManager ReloadAssembly
Native extension for WindowsStandalone target not found
Native extension for WebGL target not found
Refreshing native plugins compatible for Editor in 0.28 ms, found 0 plugins.
Preloading 0 native plugins for Editor in 0.00 ms.
Invoked RoslynAnalysisRunner static constructor.
RoslynAnalysisRunner will not be running.
RoslynAnalysisRunner has terminated.
Mono: successfully reloaded assembly
- Completed reload, in  0.735 seconds
Platform modules already initialized, skipping
Refreshing native plugins compatible for Editor in 0.22 ms, found 0 plugins.
Preloading 0 native plugins for Editor in 0.00 ms.
Unloading 1111 Unused Serialized files (Serialized files now loaded: 0)
System memory in use before: 57.2 MB.
System memory in use after: 57.2 MB.

Unloading 5 unused Assets to reduce memory usage. Loaded Objects now: 1585.
Total: 2.886200 ms (FindLiveObjects: 0.201400 ms CreateObjectMapping: 0.057200 ms MarkObjects: 2.554500 ms  DeleteObjects: 0.071100 ms)

========================================================================
Received Prepare
Registering precompiled user dll's ...
Registered in 0.000646 seconds.
Begin MonoManager ReloadAssembly
Native extension for WindowsStandalone target not found
Native extension for WebGL target not found
Refreshing native plugins compatible for Editor in 0.25 ms, found 0 plugins.
Preloading 0 native plugins for Editor in 0.00 ms.
Invoked RoslynAnalysisRunner static constructor.
RoslynAnalysisRunner will not be running.
RoslynAnalysisRunner has terminated.
Mono: successfully reloaded assembly
- Completed reload, in  0.959 seconds
Platform modules already initialized, skipping
Refreshing native plugins compatible for Editor in 0.29 ms, found 0 plugins.
Preloading 0 native plugins for Editor in 0.00 ms.
Unloading 1111 Unused Serialized files (Serialized files now loaded: 0)
System memory in use before: 57.2 MB.
System memory in use after: 57.2 MB.

Unloading 5 unused Assets to reduce memory usage. Loaded Objects now: 1588.
Total: 2.920500 ms (FindLiveObjects: 0.252700 ms CreateObjectMapping: 0.075600 ms MarkObjects: 2.538200 ms  DeleteObjects: 0.052100 ms)

========================================================================
Received Prepare
Registering precompiled user dll's ...
Registered in 0.000747 seconds.
Begin MonoManager ReloadAssembly
Native extension for WindowsStandalone target not found
Native extension for WebGL target not found
Refreshing native plugins compatible for Editor in 0.35 ms, found 0 plugins.
Preloading 0 native plugins for Editor in 0.00 ms.
Invoked RoslynAnalysisRunner static constructor.
RoslynAnalysisRunner will not be running.
RoslynAnalysisRunner has terminated.
Mono: successfully reloaded assembly
- Completed reload, in  0.991 seconds
Platform modules already initialized, skipping
Refreshing native plugins compatible for Editor in 0.27 ms, found 0 plugins.
Preloading 0 native plugins for Editor in 0.00 ms.
Unloading 1111 Unused Serialized files (Serialized files now loaded: 0)
System memory in use before: 57.2 MB.
System memory in use after: 57.2 MB.

Unloading 5 unused Assets to reduce memory usage. Loaded Objects now: 1591.
Total: 2.522700 ms (FindLiveObjects: 0.227900 ms CreateObjectMapping: 0.061300 ms MarkObjects: 2.158200 ms  DeleteObjects: 0.073700 ms)

========================================================================
Received Prepare
Registering precompiled user dll's ...
Registered in 0.000546 seconds.
Begin MonoManager ReloadAssembly
Native extension for WindowsStandalone target not found
Native extension for WebGL target not found
Refreshing native plugins compatible for Editor in 0.30 ms, found 0 plugins.
Preloading 0 native plugins for Editor in 0.00 ms.
Invoked RoslynAnalysisRunner static constructor.
RoslynAnalysisRunner will not be running.
RoslynAnalysisRunner has terminated.
Mono: successfully reloaded assembly
- Completed reload, in  0.774 seconds
Platform modules already initialized, skipping
Refreshing native plugins compatible for Editor in 0.37 ms, found 0 plugins.
Preloading 0 native plugins for Editor in 0.00 ms.
Unloading 1111 Unused Serialized files (Serialized files now loaded: 0)
System memory in use before: 57.2 MB.
System memory in use after: 57.2 MB.

Unloading 5 unused Assets to reduce memory usage. Loaded Objects now: 1594.
Total: 1.975100 ms (FindLiveObjects: 0.214900 ms CreateObjectMapping: 0.045200 ms MarkObjects: 1.658900 ms  DeleteObjects: 0.054600 ms)

AssetImportWorkerClient::OnTransportError - code=2 error=End of file
